0 info it worked if it ends with ok
1 verbose cli [ '/home/noiv/.nvm/versions/node/v6.9.1/bin/node',
1 verbose cli   '/home/noiv/.nvm/versions/node/v6.9.1/bin/npm',
1 verbose cli   'run',
1 verbose cli   'serve' ]
2 info using npm@3.10.8
3 info using node@v6.9.1
4 verbose run-script [ 'preserve', 'serve', 'postserve' ]
5 info lifecycle weather-simulation@0.1.0~preserve: weather-simulation@0.1.0
6 silly lifecycle weather-simulation@0.1.0~preserve: no script for preserve, continuing
7 info lifecycle weather-simulation@0.1.0~serve: weather-simulation@0.1.0
8 verbose lifecycle weather-simulation@0.1.0~serve: unsafe-perm in lifecycle true
9 verbose lifecycle weather-simulation@0.1.0~serve: PATH: /home/noiv/.nvm/versions/node/v6.9.1/lib/node_modules/npm/bin/node-gyp-bin:/media/noiv/OS/Octets/Projects/weather-simulation/node_modules/.bin:/home/noiv/.nvm/versions/node/v6.9.1/bin:/usr/local/sbin:/usr/local/bin:/usr/sbin:/usr/bin:/sbin:/bin:/usr/games:/usr/local/games:/snap/bin
10 verbose lifecycle weather-simulation@0.1.0~serve: CWD: /media/noiv/OS/Octets/Projects/weather-simulation
11 silly lifecycle weather-simulation@0.1.0~serve: Args: [ '-c',
11 silly lifecycle   'http-server -p 8765 -c10 --proxy http://nomads.ncep.noaa.gov:9090' ]
12 silly lifecycle weather-simulation@0.1.0~serve: Returned: code: 1  signal: null
13 info lifecycle weather-simulation@0.1.0~serve: Failed to exec serve script
14 verbose stack Error: weather-simulation@0.1.0 serve: `http-server -p 8765 -c10 --proxy http://nomads.ncep.noaa.gov:9090`
14 verbose stack Exit status 1
14 verbose stack     at EventEmitter.<anonymous> (/home/noiv/.nvm/versions/node/v6.9.1/lib/node_modules/npm/lib/utils/lifecycle.js:255:16)
14 verbose stack     at emitTwo (events.js:106:13)
14 verbose stack     at EventEmitter.emit (events.js:191:7)
14 verbose stack     at ChildProcess.<anonymous> (/home/noiv/.nvm/versions/node/v6.9.1/lib/node_modules/npm/lib/utils/spawn.js:40:14)
14 verbose stack     at emitTwo (events.js:106:13)
14 verbose stack     at ChildProcess.emit (events.js:191:7)
14 verbose stack     at maybeClose (internal/child_process.js:877:16)
14 verbose stack     at Process.ChildProcess._handle.onexit (internal/child_process.js:226:5)
15 verbose pkgid weather-simulation@0.1.0
16 verbose cwd /media/noiv/OS/Octets/Projects/weather-simulation
17 error Linux 4.4.0-79-generic
18 error argv "/home/noiv/.nvm/versions/node/v6.9.1/bin/node" "/home/noiv/.nvm/versions/node/v6.9.1/bin/npm" "run" "serve"
19 error node v6.9.1
20 error npm  v3.10.8
21 error code ELIFECYCLE
22 error weather-simulation@0.1.0 serve: `http-server -p 8765 -c10 --proxy http://nomads.ncep.noaa.gov:9090`
22 error Exit status 1
23 error Failed at the weather-simulation@0.1.0 serve script 'http-server -p 8765 -c10 --proxy http://nomads.ncep.noaa.gov:9090'.
23 error Make sure you have the latest version of node.js and npm installed.
23 error If you do, this is most likely a problem with the weather-simulation package,
23 error not with npm itself.
23 error Tell the author that this fails on your system:
23 error     http-server -p 8765 -c10 --proxy http://nomads.ncep.noaa.gov:9090
23 error You can get information on how to open an issue for this project with:
23 error     npm bugs weather-simulation
23 error Or if that isn't available, you can get their info via:
23 error     npm owner ls weather-simulation
23 error There is likely additional logging output above.
24 verbose exit [ 1, true ]
